2024-11-26 00:01:41 [http-nio-8888-exec-3] INFO  o.s.c.c.s.e.NativeEnvironmentRepository - Adding property source: Config resource 'file [C:\Users\danan\AppData\Local\Temp\config-repo-9151472213433128434\config-client.yml]' via location 'file:/C:/Users/danan/AppData/Local/Temp/config-repo-9151472213433128434/'
2024-11-26 00:01:41 [http-nio-8888-exec-2] INFO  o.s.c.c.s.e.NativeEnvironmentRepository - Adding property source: Config resource 'file [C:\Users\danan\AppData\Local\Temp\config-repo-9151472213433128434\config-client-elastic_query.yml]' via location 'file:/C:/Users/danan/AppData/Local/Temp/config-repo-9151472213433128434/'
2024-11-26 00:01:41 [http-nio-8888-exec-2] INFO  o.s.c.c.s.e.NativeEnvironmentRepository - Adding property source: Config resource 'file [C:\Users\danan\AppData\Local\Temp\config-repo-9151472213433128434\config-client.yml]' via location 'file:/C:/Users/danan/AppData/Local/Temp/config-repo-9151472213433128434/'
2024-11-26 00:03:58 [http-nio-8888-exec-5] INFO  o.s.c.c.s.e.MultipleJGitEnvironmentRepository - Fetched for remote master and found 1 updates
2024-11-26 00:03:58 [http-nio-8888-exec-5] INFO  o.s.c.c.s.e.NativeEnvironmentRepository - Adding property source: Config resource 'file [C:\Users\danan\AppData\Local\Temp\config-repo-9151472213433128434\config-client.yml]' via location 'file:/C:/Users/danan/AppData/Local/Temp/config-repo-9151472213433128434/'
2024-11-26 00:03:58 [http-nio-8888-exec-7] INFO  o.s.c.c.s.e.NativeEnvironmentRepository - Adding property source: Config resource 'file [C:\Users\danan\AppData\Local\Temp\config-repo-9151472213433128434\config-client-elastic_query.yml]' via location 'file:/C:/Users/danan/AppData/Local/Temp/config-repo-9151472213433128434/'
2024-11-26 00:03:58 [http-nio-8888-exec-7] INFO  o.s.c.c.s.e.NativeEnvironmentRepository - Adding property source: Config resource 'file [C:\Users\danan\AppData\Local\Temp\config-repo-9151472213433128434\config-client.yml]' via location 'file:/C:/Users/danan/AppData/Local/Temp/config-repo-9151472213433128434/'
2024-11-26 00:08:59 [http-nio-8888-exec-3] INFO  o.s.c.c.s.e.NativeEnvironmentRepository - Adding property source: Config resource 'file [C:\Users\danan\AppData\Local\Temp\config-repo-9151472213433128434\config-client.yml]' via location 'file:/C:/Users/danan/AppData/Local/Temp/config-repo-9151472213433128434/'
2024-11-26 00:09:00 [http-nio-8888-exec-2] INFO  o.s.c.c.s.e.NativeEnvironmentRepository - Adding property source: Config resource 'file [C:\Users\danan\AppData\Local\Temp\config-repo-9151472213433128434\config-client-elastic_query.yml]' via location 'file:/C:/Users/danan/AppData/Local/Temp/config-repo-9151472213433128434/'
2024-11-26 00:09:00 [http-nio-8888-exec-2] INFO  o.s.c.c.s.e.NativeEnvironmentRepository - Adding property source: Config resource 'file [C:\Users\danan\AppData\Local\Temp\config-repo-9151472213433128434\config-client.yml]' via location 'file:/C:/Users/danan/AppData/Local/Temp/config-repo-9151472213433128434/'
2024-11-26 00:12:11 [http-nio-8888-exec-5] INFO  o.s.c.c.s.e.MultipleJGitEnvironmentRepository - Fetched for remote master and found 1 updates
2024-11-26 00:12:11 [http-nio-8888-exec-5] INFO  o.s.c.c.s.e.NativeEnvironmentRepository - Adding property source: Config resource 'file [C:\Users\danan\AppData\Local\Temp\config-repo-9151472213433128434\config-client.yml]' via location 'file:/C:/Users/danan/AppData/Local/Temp/config-repo-9151472213433128434/'
2024-11-26 00:12:11 [http-nio-8888-exec-7] INFO  o.s.c.c.s.e.NativeEnvironmentRepository - Adding property source: Config resource 'file [C:\Users\danan\AppData\Local\Temp\config-repo-9151472213433128434\contract-search-service-elastic_query.yml]' via location 'file:/C:/Users/danan/AppData/Local/Temp/config-repo-9151472213433128434/'
2024-11-26 00:12:11 [http-nio-8888-exec-7] INFO  o.s.c.c.s.e.NativeEnvironmentRepository - Adding property source: Config resource 'file [C:\Users\danan\AppData\Local\Temp\config-repo-9151472213433128434\config-client.yml]' via location 'file:/C:/Users/danan/AppData/Local/Temp/config-repo-9151472213433128434/'
2024-11-26 00:16:49 [http-nio-8888-exec-8] INFO  o.s.c.c.s.e.NativeEnvironmentRepository - Adding property source: Config resource 'file [C:\Users\danan\AppData\Local\Temp\config-repo-9151472213433128434\config-client.yml]' via location 'file:/C:/Users/danan/AppData/Local/Temp/config-repo-9151472213433128434/'
2024-11-26 00:16:50 [http-nio-8888-exec-10] INFO  o.s.c.c.s.e.NativeEnvironmentRepository - Adding property source: Config resource 'file [C:\Users\danan\AppData\Local\Temp\config-repo-9151472213433128434\config-client.yml]' via location 'file:/C:/Users/danan/AppData/Local/Temp/config-repo-9151472213433128434/'
2024-11-26 00:19:19 [http-nio-8888-exec-3] INFO  o.s.c.c.s.e.NativeEnvironmentRepository - Adding property source: Config resource 'file [C:\Users\danan\AppData\Local\Temp\config-repo-9151472213433128434\contract-search-service-elastic_query.yml]' via location 'file:/C:/Users/danan/AppData/Local/Temp/config-repo-9151472213433128434/'
2024-11-26 00:20:12 [http-nio-8888-exec-9] INFO  o.s.c.c.s.e.NativeEnvironmentRepository - Adding property source: Config resource 'file [C:\Users\danan\AppData\Local\Temp\config-repo-9151472213433128434\config-client.yml]' via location 'file:/C:/Users/danan/AppData/Local/Temp/config-repo-9151472213433128434/'
2024-11-26 00:20:13 [http-nio-8888-exec-5] INFO  o.s.c.c.s.e.NativeEnvironmentRepository - Adding property source: Config resource 'file [C:\Users\danan\AppData\Local\Temp\config-repo-9151472213433128434\contract-search-service-elastic_query.yml]' via location 'file:/C:/Users/danan/AppData/Local/Temp/config-repo-9151472213433128434/'
2024-11-26 00:20:13 [http-nio-8888-exec-5] INFO  o.s.c.c.s.e.NativeEnvironmentRepository - Adding property source: Config resource 'file [C:\Users\danan\AppData\Local\Temp\config-repo-9151472213433128434\config-client.yml]' via location 'file:/C:/Users/danan/AppData/Local/Temp/config-repo-9151472213433128434/'
2024-11-26 00:22:20 [http-nio-8888-exec-6] INFO  o.s.c.c.s.e.MultipleJGitEnvironmentRepository - Fetched for remote master and found 1 updates
2024-11-26 00:22:20 [http-nio-8888-exec-6] INFO  o.s.c.c.s.e.NativeEnvironmentRepository - Adding property source: Config resource 'file [C:\Users\danan\AppData\Local\Temp\config-repo-9151472213433128434\config-client.yml]' via location 'file:/C:/Users/danan/AppData/Local/Temp/config-repo-9151472213433128434/'
2024-11-26 00:22:20 [http-nio-8888-exec-8] INFO  o.s.c.c.s.e.NativeEnvironmentRepository - Adding property source: Config resource 'file [C:\Users\danan\AppData\Local\Temp\config-repo-9151472213433128434\config-client-elastic_query.yml]' via location 'file:/C:/Users/danan/AppData/Local/Temp/config-repo-9151472213433128434/'
2024-11-26 00:22:20 [http-nio-8888-exec-8] INFO  o.s.c.c.s.e.NativeEnvironmentRepository - Adding property source: Config resource 'file [C:\Users\danan\AppData\Local\Temp\config-repo-9151472213433128434\config-client.yml]' via location 'file:/C:/Users/danan/AppData/Local/Temp/config-repo-9151472213433128434/'
2024-11-26 00:24:40 [http-nio-8888-exec-4] INFO  o.s.c.c.s.e.MultipleJGitEnvironmentRepository - Fetched for remote master and found 1 updates
2024-11-26 00:24:40 [http-nio-8888-exec-4] INFO  o.s.c.c.s.e.NativeEnvironmentRepository - Adding property source: Config resource 'file [C:\Users\danan\AppData\Local\Temp\config-repo-9151472213433128434\config-client.yml]' via location 'file:/C:/Users/danan/AppData/Local/Temp/config-repo-9151472213433128434/'
2024-11-26 00:24:40 [http-nio-8888-exec-1] INFO  o.s.c.c.s.e.NativeEnvironmentRepository - Adding property source: Config resource 'file [C:\Users\danan\AppData\Local\Temp\config-repo-9151472213433128434\config-client-elastic_query.yml]' via location 'file:/C:/Users/danan/AppData/Local/Temp/config-repo-9151472213433128434/'
2024-11-26 00:24:40 [http-nio-8888-exec-1] INFO  o.s.c.c.s.e.NativeEnvironmentRepository - Adding property source: Config resource 'file [C:\Users\danan\AppData\Local\Temp\config-repo-9151472213433128434\config-client.yml]' via location 'file:/C:/Users/danan/AppData/Local/Temp/config-repo-9151472213433128434/'
2024-11-26 00:37:32 [http-nio-8888-exec-2] INFO  o.s.c.c.s.e.MultipleJGitEnvironmentRepository - Fetched for remote master and found 1 updates
2024-11-26 00:37:32 [http-nio-8888-exec-2] INFO  o.s.c.c.s.e.NativeEnvironmentRepository - Adding property source: Config resource 'file [C:\Users\danan\AppData\Local\Temp\config-repo-9151472213433128434\config-client.yml]' via location 'file:/C:/Users/danan/AppData/Local/Temp/config-repo-9151472213433128434/'
2024-11-26 00:37:33 [http-nio-8888-exec-9] INFO  o.s.c.c.s.e.NativeEnvironmentRepository - Adding property source: Config resource 'file [C:\Users\danan\AppData\Local\Temp\config-repo-9151472213433128434\config-client-elastic_query.yml]' via location 'file:/C:/Users/danan/AppData/Local/Temp/config-repo-9151472213433128434/'
2024-11-26 00:37:33 [http-nio-8888-exec-9] INFO  o.s.c.c.s.e.NativeEnvironmentRepository - Adding property source: Config resource 'file [C:\Users\danan\AppData\Local\Temp\config-repo-9151472213433128434\config-client.yml]' via location 'file:/C:/Users/danan/AppData/Local/Temp/config-repo-9151472213433128434/'
2024-11-26 00:39:13 [http-nio-8888-exec-7] INFO  o.s.c.c.s.e.MultipleJGitEnvironmentRepository - Fetched for remote master and found 1 updates
2024-11-26 00:39:13 [http-nio-8888-exec-7] INFO  o.s.c.c.s.e.NativeEnvironmentRepository - Adding property source: Config resource 'file [C:\Users\danan\AppData\Local\Temp\config-repo-9151472213433128434\config-client.yml]' via location 'file:/C:/Users/danan/AppData/Local/Temp/config-repo-9151472213433128434/'
2024-11-26 00:39:13 [http-nio-8888-exec-6] INFO  o.s.c.c.s.e.NativeEnvironmentRepository - Adding property source: Config resource 'file [C:\Users\danan\AppData\Local\Temp\config-repo-9151472213433128434\config-client-elastic_query.yml]' via location 'file:/C:/Users/danan/AppData/Local/Temp/config-repo-9151472213433128434/'
2024-11-26 00:39:13 [http-nio-8888-exec-6] INFO  o.s.c.c.s.e.NativeEnvironmentRepository - Adding property source: Config resource 'file [C:\Users\danan\AppData\Local\Temp\config-repo-9151472213433128434\config-client.yml]' via location 'file:/C:/Users/danan/AppData/Local/Temp/config-repo-9151472213433128434/'
2024-11-26 00:48:57 [http-nio-8888-exec-10] INFO  o.s.c.c.s.e.NativeEnvironmentRepository - Adding property source: Config resource 'file [C:\Users\danan\AppData\Local\Temp\config-repo-9151472213433128434\config-client.yml]' via location 'file:/C:/Users/danan/AppData/Local/Temp/config-repo-9151472213433128434/'
2024-11-26 00:48:58 [http-nio-8888-exec-4] INFO  o.s.c.c.s.e.NativeEnvironmentRepository - Adding property source: Config resource 'file [C:\Users\danan\AppData\Local\Temp\config-repo-9151472213433128434\config-client-elastic_query.yml]' via location 'file:/C:/Users/danan/AppData/Local/Temp/config-repo-9151472213433128434/'
2024-11-26 00:48:58 [http-nio-8888-exec-4] INFO  o.s.c.c.s.e.NativeEnvironmentRepository - Adding property source: Config resource 'file [C:\Users\danan\AppData\Local\Temp\config-repo-9151472213433128434\config-client.yml]' via location 'file:/C:/Users/danan/AppData/Local/Temp/config-repo-9151472213433128434/'
2024-11-26 00:51:17 [http-nio-8888-exec-2] INFO  o.s.c.c.s.e.NativeEnvironmentRepository - Adding property source: Config resource 'file [C:\Users\danan\AppData\Local\Temp\config-repo-9151472213433128434\config-client.yml]' via location 'file:/C:/Users/danan/AppData/Local/Temp/config-repo-9151472213433128434/'
2024-11-26 00:51:18 [http-nio-8888-exec-9] INFO  o.s.c.c.s.e.NativeEnvironmentRepository - Adding property source: Config resource 'file [C:\Users\danan\AppData\Local\Temp\config-repo-9151472213433128434\config-client-elastic_query.yml]' via location 'file:/C:/Users/danan/AppData/Local/Temp/config-repo-9151472213433128434/'
2024-11-26 00:51:18 [http-nio-8888-exec-9] INFO  o.s.c.c.s.e.NativeEnvironmentRepository - Adding property source: Config resource 'file [C:\Users\danan\AppData\Local\Temp\config-repo-9151472213433128434\config-client.yml]' via location 'file:/C:/Users/danan/AppData/Local/Temp/config-repo-9151472213433128434/'
2024-11-26 00:53:38 [http-nio-8888-exec-8] INFO  o.s.c.c.s.e.NativeEnvironmentRepository - Adding property source: Config resource 'file [C:\Users\danan\AppData\Local\Temp\config-repo-9151472213433128434\config-client.yml]' via location 'file:/C:/Users/danan/AppData/Local/Temp/config-repo-9151472213433128434/'
2024-11-26 00:53:39 [http-nio-8888-exec-10] INFO  o.s.c.c.s.e.NativeEnvironmentRepository - Adding property source: Config resource 'file [C:\Users\danan\AppData\Local\Temp\config-repo-9151472213433128434\config-client-elastic_query.yml]' via location 'file:/C:/Users/danan/AppData/Local/Temp/config-repo-9151472213433128434/'
2024-11-26 00:53:39 [http-nio-8888-exec-10] INFO  o.s.c.c.s.e.NativeEnvironmentRepository - Adding property source: Config resource 'file [C:\Users\danan\AppData\Local\Temp\config-repo-9151472213433128434\config-client.yml]' via location 'file:/C:/Users/danan/AppData/Local/Temp/config-repo-9151472213433128434/'
2024-11-26 00:55:27 [http-nio-8888-exec-1] INFO  o.s.c.c.s.e.NativeEnvironmentRepository - Adding property source: Config resource 'file [C:\Users\danan\AppData\Local\Temp\config-repo-9151472213433128434\config-client.yml]' via location 'file:/C:/Users/danan/AppData/Local/Temp/config-repo-9151472213433128434/'
2024-11-26 00:55:28 [http-nio-8888-exec-3] INFO  o.s.c.c.s.e.NativeEnvironmentRepository - Adding property source: Config resource 'file [C:\Users\danan\AppData\Local\Temp\config-repo-9151472213433128434\config-client-elastic_query.yml]' via location 'file:/C:/Users/danan/AppData/Local/Temp/config-repo-9151472213433128434/'
2024-11-26 00:55:28 [http-nio-8888-exec-3] INFO  o.s.c.c.s.e.NativeEnvironmentRepository - Adding property source: Config resource 'file [C:\Users\danan\AppData\Local\Temp\config-repo-9151472213433128434\config-client.yml]' via location 'file:/C:/Users/danan/AppData/Local/Temp/config-repo-9151472213433128434/'
2024-11-26 01:00:39 [http-nio-8888-exec-9] INFO  o.s.c.c.s.e.NativeEnvironmentRepository - Adding property source: Config resource 'file [C:\Users\danan\AppData\Local\Temp\config-repo-9151472213433128434\config-client.yml]' via location 'file:/C:/Users/danan/AppData/Local/Temp/config-repo-9151472213433128434/'
2024-11-26 01:00:40 [http-nio-8888-exec-5] INFO  o.s.c.c.s.e.NativeEnvironmentRepository - Adding property source: Config resource 'file [C:\Users\danan\AppData\Local\Temp\config-repo-9151472213433128434\config-client-elastic_query.yml]' via location 'file:/C:/Users/danan/AppData/Local/Temp/config-repo-9151472213433128434/'
2024-11-26 01:00:40 [http-nio-8888-exec-5] INFO  o.s.c.c.s.e.NativeEnvironmentRepository - Adding property source: Config resource 'file [C:\Users\danan\AppData\Local\Temp\config-repo-9151472213433128434\config-client.yml]' via location 'file:/C:/Users/danan/AppData/Local/Temp/config-repo-9151472213433128434/'
2024-11-26 01:07:03 [http-nio-8888-exec-6] INFO  o.s.c.c.s.e.NativeEnvironmentRepository - Adding property source: Config resource 'file [C:\Users\danan\AppData\Local\Temp\config-repo-9151472213433128434\config-client.yml]' via location 'file:/C:/Users/danan/AppData/Local/Temp/config-repo-9151472213433128434/'
2024-11-26 01:07:04 [http-nio-8888-exec-8] INFO  o.s.c.c.s.e.NativeEnvironmentRepository - Adding property source: Config resource 'file [C:\Users\danan\AppData\Local\Temp\config-repo-9151472213433128434\config-client-elastic_query.yml]' via location 'file:/C:/Users/danan/AppData/Local/Temp/config-repo-9151472213433128434/'
2024-11-26 01:07:04 [http-nio-8888-exec-8] INFO  o.s.c.c.s.e.NativeEnvironmentRepository - Adding property source: Config resource 'file [C:\Users\danan\AppData\Local\Temp\config-repo-9151472213433128434\config-client.yml]' via location 'file:/C:/Users/danan/AppData/Local/Temp/config-repo-9151472213433128434/'
2024-11-26 01:10:47 [http-nio-8888-exec-4] INFO  o.s.c.c.s.e.NativeEnvironmentRepository - Adding property source: Config resource 'file [C:\Users\danan\AppData\Local\Temp\config-repo-9151472213433128434\config-client.yml]' via location 'file:/C:/Users/danan/AppData/Local/Temp/config-repo-9151472213433128434/'
2024-11-26 01:10:48 [http-nio-8888-exec-1] INFO  o.s.c.c.s.e.NativeEnvironmentRepository - Adding property source: Config resource 'file [C:\Users\danan\AppData\Local\Temp\config-repo-9151472213433128434\config-client-elastic_query.yml]' via location 'file:/C:/Users/danan/AppData/Local/Temp/config-repo-9151472213433128434/'
2024-11-26 01:10:48 [http-nio-8888-exec-1] INFO  o.s.c.c.s.e.NativeEnvironmentRepository - Adding property source: Config resource 'file [C:\Users\danan\AppData\Local\Temp\config-repo-9151472213433128434\config-client.yml]' via location 'file:/C:/Users/danan/AppData/Local/Temp/config-repo-9151472213433128434/'
2024-11-26 01:18:04 [http-nio-8888-exec-2] INFO  o.s.c.c.s.e.NativeEnvironmentRepository - Adding property source: Config resource 'file [C:\Users\danan\AppData\Local\Temp\config-repo-9151472213433128434\config-client.yml]' via location 'file:/C:/Users/danan/AppData/Local/Temp/config-repo-9151472213433128434/'
2024-11-26 01:18:05 [http-nio-8888-exec-9] INFO  o.s.c.c.s.e.NativeEnvironmentRepository - Adding property source: Config resource 'file [C:\Users\danan\AppData\Local\Temp\config-repo-9151472213433128434\config-client-elastic_query.yml]' via location 'file:/C:/Users/danan/AppData/Local/Temp/config-repo-9151472213433128434/'
2024-11-26 01:18:05 [http-nio-8888-exec-9] INFO  o.s.c.c.s.e.NativeEnvironmentRepository - Adding property source: Config resource 'file [C:\Users\danan\AppData\Local\Temp\config-repo-9151472213433128434\config-client.yml]' via location 'file:/C:/Users/danan/AppData/Local/Temp/config-repo-9151472213433128434/'
2024-11-26 01:19:17 [Thread-3] WARN  o.s.c.c.s.e.MultipleJGitEnvironmentRepository - Failed to delete temporary directory on exit: java.nio.file.AccessDeniedException: C:\Users\danan\AppData\Local\Temp\config-repo-9151472213433128434\.git\objects\pack\pack-168fb6ed10e73b380348d2105a9c1ec214b8211d.idx
