2024-11-25 01:19:17 [Thread-3] WARN  o.s.c.c.s.e.MultipleJGitEnvironmentRepository - Failed to delete temporary directory on exit: java.nio.file.AccessDeniedException: C:\Users\danan\AppData\Local\Temp\config-repo-17201688670745441304\.git\objects\pack\pack-ae5e9d17ee168419d25f03333124a9eaf6fbb84a.idx
2024-11-25 01:32:07 [background-preinit] INFO  o.h.validator.internal.util.Version - HV000001: Hibernate Validator 8.0.1.Final
2024-11-25 01:32:07 [main] INFO  c.t.demo.config.server.ConfigServer - Starting ConfigServer using Java 17.0.12 with PID 29264 (C:\Users\danan\Desktop\tagd-search\config-server\target\classes started by danan in C:\Users\danan\Desktop\tagd-search)
2024-11-25 01:32:07 [main] INFO  c.t.demo.config.server.ConfigServer - No active profile set, falling back to 1 default profile: "default"
2024-11-25 01:32:08 [main] INFO  o.s.cloud.context.scope.GenericScope - BeanFactory id=fd844037-3a3d-3c99-a9ec-79672dd4090d
2024-11-25 01:32:08 [main] INFO  o.s.b.w.e.tomcat.TomcatWebServer - Tomcat initialized with port 8888 (http)
2024-11-25 01:32:08 [main] INFO  o.a.coyote.http11.Http11NioProtocol - Initializing ProtocolHandler ["http-nio-8888"]
2024-11-25 01:32:08 [main] INFO  o.a.catalina.core.StandardService - Starting service [Tomcat]
2024-11-25 01:32:08 [main] INFO  o.a.catalina.core.StandardEngine - Starting Servlet engine: [Apache Tomcat/10.1.28]
2024-11-25 01:32:08 [main] INFO  o.a.c.c.C.[Tomcat].[localhost].[/] - Initializing Spring embedded WebApplicationContext
2024-11-25 01:32:08 [main] INFO  o.s.b.w.s.c.ServletWebServerApplicationContext - Root WebApplicationContext: initialization completed in 1112 ms
2024-11-25 01:32:08 [main] INFO  o.s.s.c.a.a.c.InitializeUserDetailsBeanManagerConfigurer$InitializeUserDetailsManagerConfigurer - Global AuthenticationManager configured with UserDetailsService bean with name inMemoryUserDetailsManager
2024-11-25 01:32:10 [main] INFO  o.s.c.c.s.e.MultipleJGitEnvironmentRepository - Could not checkout default label main
org.eclipse.jgit.api.errors.RefNotFoundException: Ref main cannot be resolved
	at org.eclipse.jgit.api.CheckoutCommand.call(CheckoutCommand.java:224)
	at org.springframework.cloud.config.server.environment.JGitEnvironmentRepository.checkout(JGitEnvironmentRepository.java:467)
	at org.springframework.cloud.config.server.environment.JGitEnvironmentRepository.checkoutDefaultBranchWithRetry(JGitEnvironmentRepository.java:392)
	at org.springframework.cloud.config.server.environment.JGitEnvironmentRepository.initClonedRepository(JGitEnvironmentRepository.java:379)
	at org.springframework.cloud.config.server.environment.JGitEnvironmentRepository.afterPropertiesSet(JGitEnvironmentRepository.java:283)
	at org.springframework.cloud.config.server.environment.MultipleJGitEnvironmentRepository.afterPropertiesSet(MultipleJGitEnvironmentRepository.java:71)
	at org.springframework.beans.factory.support.AbstractAutowireCapableBeanFactory.invokeInitMethods(AbstractAutowireCapableBeanFactory.java:1853)
	at org.springframework.beans.factory.support.AbstractAutowireCapableBeanFactory.initializeBean(AbstractAutowireCapableBeanFactory.java:1802)
	at org.springframework.beans.factory.support.AbstractAutowireCapableBeanFactory.doCreateBean(AbstractAutowireCapableBeanFactory.java:600)
	at org.springframework.beans.factory.support.AbstractAutowireCapableBeanFactory.createBean(AbstractAutowireCapableBeanFactory.java:522)
	at org.springframework.beans.factory.support.AbstractBeanFactory.lambda$doGetBean$0(AbstractBeanFactory.java:337)
	at org.springframework.beans.factory.support.DefaultSingletonBeanRegistry.getSingleton(DefaultSingletonBeanRegistry.java:234)
	at org.springframework.beans.factory.support.AbstractBeanFactory.doGetBean(AbstractBeanFactory.java:335)
	at org.springframework.beans.factory.support.AbstractBeanFactory.getBean(AbstractBeanFactory.java:200)
	at org.springframework.beans.factory.support.DefaultListableBeanFactory.preInstantiateSingletons(DefaultListableBeanFactory.java:975)
	at org.springframework.context.support.AbstractApplicationContext.finishBeanFactoryInitialization(AbstractApplicationContext.java:971)
	at org.springframework.context.support.AbstractApplicationContext.refresh(AbstractApplicationContext.java:625)
	at org.springframework.boot.web.servlet.context.ServletWebServerApplicationContext.refresh(ServletWebServerApplicationContext.java:146)
	at org.springframework.boot.SpringApplication.refresh(SpringApplication.java:754)
	at org.springframework.boot.SpringApplication.refreshContext(SpringApplication.java:456)
	at org.springframework.boot.SpringApplication.run(SpringApplication.java:335)
	at org.springframework.boot.SpringApplication.run(SpringApplication.java:1363)
	at org.springframework.boot.SpringApplication.run(SpringApplication.java:1352)
	at com.tagdsearch.demo.config.server.ConfigServer.main(ConfigServer.java:11)
2024-11-25 01:32:10 [main] INFO  o.s.c.c.s.e.MultipleJGitEnvironmentRepository - Will try to checkout master label instead.
2024-11-25 01:32:10 [main] INFO  o.a.coyote.http11.Http11NioProtocol - Starting ProtocolHandler ["http-nio-8888"]
2024-11-25 01:32:11 [main] INFO  o.s.b.w.e.tomcat.TomcatWebServer - Tomcat started on port 8888 (http) with context path '/'
2024-11-25 01:32:11 [main] INFO  c.t.demo.config.server.ConfigServer - Started ConfigServer in 4.177 seconds (process running for 4.716)
2024-11-25 01:34:23 [Thread-3] WARN  o.s.c.c.s.e.MultipleJGitEnvironmentRepository - Failed to delete temporary directory on exit: java.nio.file.AccessDeniedException: C:\Users\danan\AppData\Local\Temp\config-repo-7279213738573077204\.git\objects\pack\pack-ae5e9d17ee168419d25f03333124a9eaf6fbb84a.idx
2024-11-25 01:34:50 [background-preinit] INFO  o.h.validator.internal.util.Version - HV000001: Hibernate Validator 8.0.1.Final
2024-11-25 01:34:51 [main] INFO  c.t.demo.config.server.ConfigServer - Starting ConfigServer using Java 17.0.12 with PID 29940 (C:\Users\danan\Desktop\tagd-search\config-server\target\classes started by danan in C:\Users\danan\Desktop\tagd-search)
2024-11-25 01:34:51 [main] INFO  c.t.demo.config.server.ConfigServer - No active profile set, falling back to 1 default profile: "default"
2024-11-25 01:34:52 [main] INFO  o.s.cloud.context.scope.GenericScope - BeanFactory id=fd844037-3a3d-3c99-a9ec-79672dd4090d
2024-11-25 01:34:52 [main] INFO  o.s.b.w.e.tomcat.TomcatWebServer - Tomcat initialized with port 8888 (http)
2024-11-25 01:34:52 [main] INFO  o.a.coyote.http11.Http11NioProtocol - Initializing ProtocolHandler ["http-nio-8888"]
2024-11-25 01:34:52 [main] INFO  o.a.catalina.core.StandardService - Starting service [Tomcat]
2024-11-25 01:34:52 [main] INFO  o.a.catalina.core.StandardEngine - Starting Servlet engine: [Apache Tomcat/10.1.28]
2024-11-25 01:34:52 [main] INFO  o.a.c.c.C.[Tomcat].[localhost].[/] - Initializing Spring embedded WebApplicationContext
2024-11-25 01:34:52 [main] INFO  o.s.b.w.s.c.ServletWebServerApplicationContext - Root WebApplicationContext: initialization completed in 1285 ms
2024-11-25 01:34:52 [main] INFO  o.s.s.c.a.a.c.InitializeUserDetailsBeanManagerConfigurer$InitializeUserDetailsManagerConfigurer - Global AuthenticationManager configured with UserDetailsService bean with name inMemoryUserDetailsManager
2024-11-25 01:34:54 [main] INFO  o.a.coyote.http11.Http11NioProtocol - Starting ProtocolHandler ["http-nio-8888"]
2024-11-25 01:34:54 [main] INFO  o.s.b.w.e.tomcat.TomcatWebServer - Tomcat started on port 8888 (http) with context path '/'
2024-11-25 01:34:54 [main] INFO  c.t.demo.config.server.ConfigServer - Started ConfigServer in 4.288 seconds (process running for 4.821)
2024-11-25 01:36:45 [Thread-3] WARN  o.s.c.c.s.e.MultipleJGitEnvironmentRepository - Failed to delete temporary directory on exit: java.nio.file.AccessDeniedException: C:\Users\danan\AppData\Local\Temp\config-repo-6199628301262974959\.git\objects\pack\pack-ae5e9d17ee168419d25f03333124a9eaf6fbb84a.idx
2024-11-25 23:30:04 [background-preinit] INFO  o.h.validator.internal.util.Version - HV000001: Hibernate Validator 8.0.1.Final
2024-11-25 23:30:04 [main] INFO  c.t.demo.config.server.ConfigServer - Starting ConfigServer using Java 17.0.12 with PID 13680 (C:\Users\danan\Desktop\tagd-search\config-server\target\classes started by danan in C:\Users\danan\Desktop\tagd-search)
2024-11-25 23:30:04 [main] INFO  c.t.demo.config.server.ConfigServer - No active profile set, falling back to 1 default profile: "default"
2024-11-25 23:30:05 [main] INFO  o.s.cloud.context.scope.GenericScope - BeanFactory id=fd844037-3a3d-3c99-a9ec-79672dd4090d
2024-11-25 23:30:05 [main] INFO  o.s.b.w.e.tomcat.TomcatWebServer - Tomcat initialized with port 8888 (http)
2024-11-25 23:30:05 [main] INFO  o.a.coyote.http11.Http11NioProtocol - Initializing ProtocolHandler ["http-nio-8888"]
2024-11-25 23:30:05 [main] INFO  o.a.catalina.core.StandardService - Starting service [Tomcat]
2024-11-25 23:30:05 [main] INFO  o.a.catalina.core.StandardEngine - Starting Servlet engine: [Apache Tomcat/10.1.28]
2024-11-25 23:30:05 [main] INFO  o.a.c.c.C.[Tomcat].[localhost].[/] - Initializing Spring embedded WebApplicationContext
2024-11-25 23:30:05 [main] INFO  o.s.b.w.s.c.ServletWebServerApplicationContext - Root WebApplicationContext: initialization completed in 1295 ms
2024-11-25 23:30:05 [main] INFO  o.s.s.c.a.a.c.InitializeUserDetailsBeanManagerConfigurer$InitializeUserDetailsManagerConfigurer - Global AuthenticationManager configured with UserDetailsService bean with name inMemoryUserDetailsManager
2024-11-25 23:30:08 [main] INFO  o.a.coyote.http11.Http11NioProtocol - Starting ProtocolHandler ["http-nio-8888"]
2024-11-25 23:30:08 [main] INFO  o.s.b.w.e.tomcat.TomcatWebServer - Tomcat started on port 8888 (http) with context path '/'
2024-11-25 23:30:08 [main] INFO  c.t.demo.config.server.ConfigServer - Started ConfigServer in 4.496 seconds (process running for 4.972)
2024-11-25 23:30:16 [http-nio-8888-exec-1] INFO  o.a.c.c.C.[Tomcat].[localhost].[/] - Initializing Spring DispatcherServlet 'dispatcherServlet'
2024-11-25 23:30:16 [http-nio-8888-exec-1] INFO  o.s.web.servlet.DispatcherServlet - Initializing Servlet 'dispatcherServlet'
2024-11-25 23:30:16 [http-nio-8888-exec-1] INFO  o.s.web.servlet.DispatcherServlet - Completed initialization in 1 ms
2024-11-25 23:30:17 [http-nio-8888-exec-1] INFO  o.s.c.c.s.e.NativeEnvironmentRepository - Adding property source: Config resource 'file [C:\Users\danan\AppData\Local\Temp\config-repo-9151472213433128434\config-client.yml]' via location 'file:/C:/Users/danan/AppData/Local/Temp/config-repo-9151472213433128434/'
2024-11-25 23:30:17 [http-nio-8888-exec-3] INFO  o.s.c.c.s.e.NativeEnvironmentRepository - Adding property source: Config resource 'file [C:\Users\danan\AppData\Local\Temp\config-repo-9151472213433128434\config-client-elastic_search.yml]' via location 'file:/C:/Users/danan/AppData/Local/Temp/config-repo-9151472213433128434/'
2024-11-25 23:30:17 [http-nio-8888-exec-3] INFO  o.s.c.c.s.e.NativeEnvironmentRepository - Adding property source: Config resource 'file [C:\Users\danan\AppData\Local\Temp\config-repo-9151472213433128434\config-client.yml]' via location 'file:/C:/Users/danan/AppData/Local/Temp/config-repo-9151472213433128434/'
2024-11-25 23:33:00 [http-nio-8888-exec-9] INFO  o.s.c.c.s.e.NativeEnvironmentRepository - Adding property source: Config resource 'file [C:\Users\danan\AppData\Local\Temp\config-repo-9151472213433128434\config-client.yml]' via location 'file:/C:/Users/danan/AppData/Local/Temp/config-repo-9151472213433128434/'
2024-11-25 23:33:01 [http-nio-8888-exec-5] INFO  o.s.c.c.s.e.NativeEnvironmentRepository - Adding property source: Config resource 'file [C:\Users\danan\AppData\Local\Temp\config-repo-9151472213433128434\config-client-elastic_search.yml]' via location 'file:/C:/Users/danan/AppData/Local/Temp/config-repo-9151472213433128434/'
2024-11-25 23:33:01 [http-nio-8888-exec-5] INFO  o.s.c.c.s.e.NativeEnvironmentRepository - Adding property source: Config resource 'file [C:\Users\danan\AppData\Local\Temp\config-repo-9151472213433128434\config-client.yml]' via location 'file:/C:/Users/danan/AppData/Local/Temp/config-repo-9151472213433128434/'
2024-11-25 23:40:26 [http-nio-8888-exec-6] INFO  o.s.c.c.s.e.MultipleJGitEnvironmentRepository - Fetched for remote master and found 1 updates
2024-11-25 23:40:26 [http-nio-8888-exec-6] INFO  o.s.c.c.s.e.NativeEnvironmentRepository - Adding property source: Config resource 'file [C:\Users\danan\AppData\Local\Temp\config-repo-9151472213433128434\config-client.yml]' via location 'file:/C:/Users/danan/AppData/Local/Temp/config-repo-9151472213433128434/'
2024-11-25 23:40:26 [http-nio-8888-exec-8] INFO  o.s.c.c.s.e.NativeEnvironmentRepository - Adding property source: Config resource 'file [C:\Users\danan\AppData\Local\Temp\config-repo-9151472213433128434\config-client-elastic_search.yml]' via location 'file:/C:/Users/danan/AppData/Local/Temp/config-repo-9151472213433128434/'
2024-11-25 23:40:26 [http-nio-8888-exec-8] INFO  o.s.c.c.s.e.NativeEnvironmentRepository - Adding property source: Config resource 'file [C:\Users\danan\AppData\Local\Temp\config-repo-9151472213433128434\config-client.yml]' via location 'file:/C:/Users/danan/AppData/Local/Temp/config-repo-9151472213433128434/'
2024-11-25 23:45:51 [http-nio-8888-exec-4] INFO  o.s.c.c.s.e.NativeEnvironmentRepository - Adding property source: Config resource 'file [C:\Users\danan\AppData\Local\Temp\config-repo-9151472213433128434\config-client.yml]' via location 'file:/C:/Users/danan/AppData/Local/Temp/config-repo-9151472213433128434/'
2024-11-25 23:45:51 [http-nio-8888-exec-1] INFO  o.s.c.c.s.e.NativeEnvironmentRepository - Adding property source: Config resource 'file [C:\Users\danan\AppData\Local\Temp\config-repo-9151472213433128434\config-client-elastic_query.yml]' via location 'file:/C:/Users/danan/AppData/Local/Temp/config-repo-9151472213433128434/'
2024-11-25 23:45:51 [http-nio-8888-exec-1] INFO  o.s.c.c.s.e.NativeEnvironmentRepository - Adding property source: Config resource 'file [C:\Users\danan\AppData\Local\Temp\config-repo-9151472213433128434\config-client-elastic_search.yml]' via location 'file:/C:/Users/danan/AppData/Local/Temp/config-repo-9151472213433128434/'
2024-11-25 23:45:51 [http-nio-8888-exec-1] INFO  o.s.c.c.s.e.NativeEnvironmentRepository - Adding property source: Config resource 'file [C:\Users\danan\AppData\Local\Temp\config-repo-9151472213433128434\config-client.yml]' via location 'file:/C:/Users/danan/AppData/Local/Temp/config-repo-9151472213433128434/'
2024-11-25 23:48:07 [http-nio-8888-exec-2] INFO  o.s.c.c.s.e.MultipleJGitEnvironmentRepository - Fetched for remote master and found 1 updates
2024-11-25 23:48:07 [http-nio-8888-exec-2] INFO  o.s.c.c.s.e.NativeEnvironmentRepository - Adding property source: Config resource 'file [C:\Users\danan\AppData\Local\Temp\config-repo-9151472213433128434\config-client.yml]' via location 'file:/C:/Users/danan/AppData/Local/Temp/config-repo-9151472213433128434/'
2024-11-25 23:48:08 [http-nio-8888-exec-9] INFO  o.s.c.c.s.e.NativeEnvironmentRepository - Adding property source: Config resource 'file [C:\Users\danan\AppData\Local\Temp\config-repo-9151472213433128434\config-client-elastic_query.yml]' via location 'file:/C:/Users/danan/AppData/Local/Temp/config-repo-9151472213433128434/'
2024-11-25 23:48:08 [http-nio-8888-exec-9] INFO  o.s.c.c.s.e.NativeEnvironmentRepository - Adding property source: Config resource 'file [C:\Users\danan\AppData\Local\Temp\config-repo-9151472213433128434\config-client-elastic_search.yml]' via location 'file:/C:/Users/danan/AppData/Local/Temp/config-repo-9151472213433128434/'
2024-11-25 23:48:08 [http-nio-8888-exec-9] INFO  o.s.c.c.s.e.NativeEnvironmentRepository - Adding property source: Config resource 'file [C:\Users\danan\AppData\Local\Temp\config-repo-9151472213433128434\config-client.yml]' via location 'file:/C:/Users/danan/AppData/Local/Temp/config-repo-9151472213433128434/'
2024-11-25 23:54:06 [http-nio-8888-exec-7] INFO  o.s.c.c.s.e.MultipleJGitEnvironmentRepository - Fetched for remote master and found 1 updates
2024-11-25 23:54:06 [http-nio-8888-exec-7] INFO  o.s.c.c.s.e.NativeEnvironmentRepository - Adding property source: Config resource 'file [C:\Users\danan\AppData\Local\Temp\config-repo-9151472213433128434\config-client.yml]' via location 'file:/C:/Users/danan/AppData/Local/Temp/config-repo-9151472213433128434/'
2024-11-25 23:54:06 [http-nio-8888-exec-6] INFO  o.s.c.c.s.e.NativeEnvironmentRepository - Adding property source: Config resource 'file [C:\Users\danan\AppData\Local\Temp\config-repo-9151472213433128434\config-client-elastic_query.yml]' via location 'file:/C:/Users/danan/AppData/Local/Temp/config-repo-9151472213433128434/'
2024-11-25 23:54:06 [http-nio-8888-exec-6] INFO  o.s.c.c.s.e.NativeEnvironmentRepository - Adding property source: Config resource 'file [C:\Users\danan\AppData\Local\Temp\config-repo-9151472213433128434\config-client.yml]' via location 'file:/C:/Users/danan/AppData/Local/Temp/config-repo-9151472213433128434/'
2024-11-25 23:57:44 [http-nio-8888-exec-10] INFO  o.s.c.c.s.e.MultipleJGitEnvironmentRepository - Fetched for remote master and found 1 updates
2024-11-25 23:57:44 [http-nio-8888-exec-10] INFO  o.s.c.c.s.e.NativeEnvironmentRepository - Adding property source: Config resource 'file [C:\Users\danan\AppData\Local\Temp\config-repo-9151472213433128434\config-client.yml]' via location 'file:/C:/Users/danan/AppData/Local/Temp/config-repo-9151472213433128434/'
2024-11-25 23:57:44 [http-nio-8888-exec-4] INFO  o.s.c.c.s.e.NativeEnvironmentRepository - Adding property source: Config resource 'file [C:\Users\danan\AppData\Local\Temp\config-repo-9151472213433128434\config-client-elastic_query.yml]' via location 'file:/C:/Users/danan/AppData/Local/Temp/config-repo-9151472213433128434/'
2024-11-25 23:57:44 [http-nio-8888-exec-4] INFO  o.s.c.c.s.e.NativeEnvironmentRepository - Adding property source: Config resource 'file [C:\Users\danan\AppData\Local\Temp\config-repo-9151472213433128434\config-client.yml]' via location 'file:/C:/Users/danan/AppData/Local/Temp/config-repo-9151472213433128434/'
