2024-11-27 12:12:47 [main] INFO  o.s.t.c.s.AnnotationConfigContextLoaderUtils - Could not detect default configuration classes for test class [com.tagdsearch.demo.contract.search.service.ContractSearchServiceApplicationTest]: ContractSearchServiceApplicationTest does not declare any static, non-private, non-final, nested classes annotated with @Configuration.
2024-11-27 12:12:47 [main] INFO  o.s.b.t.c.SpringBootTestContextBootstrapper - Found @SpringBootConfiguration com.tagdsearch.demo.contract.search.service.ContractSearchServiceApplication for test class com.tagdsearch.demo.contract.search.service.ContractSearchServiceApplicationTest
2024-11-27 12:12:49 [main] INFO  c.t.d.c.s.s.ContractSearchServiceApplicationTest - Starting ContractSearchServiceApplicationTest using Java 17.0.12 with PID 1432 (started by danan in C:\Users\danan\Desktop\tagd-search\contract-search-service)
2024-11-27 12:12:49 [main] INFO  c.t.d.c.s.s.ContractSearchServiceApplicationTest - The following 1 profile is active: "elastic_query"
2024-11-27 12:12:49 [main] INFO  o.s.c.c.c.ConfigServerConfigDataLoader - Fetching config from server at : http://localhost:8888
2024-11-27 12:12:49 [main] INFO  o.s.c.c.c.ConfigServerConfigDataLoader - Located environment: name=config-client, profiles=[default], label=null, version=85d77227f040f99438af4071bae88c2e5b9a42c9, state=null
2024-11-27 12:12:49 [main] INFO  o.s.c.c.c.ConfigServerConfigDataLoader - Fetching config from server at : http://localhost:8888
2024-11-27 12:12:49 [main] INFO  o.s.c.c.c.ConfigServerConfigDataLoader - Located environment: name=config-client, profiles=[elastic_query], label=null, version=85d77227f040f99438af4071bae88c2e5b9a42c9, state=null
2024-11-27 12:12:49 [main] INFO  o.s.d.r.c.RepositoryConfigurationDelegate - Bootstrapping Spring Data Elasticsearch repositories in DEFAULT mode.
2024-11-27 12:12:49 [main] INFO  o.s.d.r.c.RepositoryConfigurationDelegate - Finished Spring Data repository scanning in 22 ms. Found 1 Elasticsearch repository interface.
2024-11-27 12:12:50 [main] INFO  o.s.cloud.context.scope.GenericScope - BeanFactory id=29d27da4-081c-3984-bf55-957bfd701f5f
2024-11-27 12:12:50 [main] WARN  org.elasticsearch.client.RestClient - request [HEAD http://localhost:9200/contract-index] returned 1 warnings: [299 Elasticsearch-7.17.0-bee86328705acaa9a6daede7140defd4d9ec56bd "Elasticsearch built-in security features are not enabled. Without authentication, your cluster could be accessible to anyone. See https://www.elastic.co/guide/en/elasticsearch/reference/7.17/security-minimal-setup.html to enable security."]
2024-11-27 12:12:50 [main] WARN  o.s.security.core.userdetails.User - User.withDefaultPasswordEncoder() is considered unsafe for production and is only intended for sample applications.
2024-11-27 12:12:50 [main] INFO  o.s.s.c.a.a.c.InitializeUserDetailsBeanManagerConfigurer$InitializeUserDetailsManagerConfigurer - Global AuthenticationManager configured with UserDetailsService bean with name userDetailsService
2024-11-27 12:12:51 [main] INFO  c.t.d.c.s.s.ContractSearchServiceApplicationTest - Started ContractSearchServiceApplicationTest in 3.827 seconds (process running for 4.843)
2024-11-27 14:39:54 [main] INFO  o.s.t.c.s.AnnotationConfigContextLoaderUtils - Could not detect default configuration classes for test class [com.tagdsearch.demo.contract.search.service.ContractSearchServiceApplicationTest]: ContractSearchServiceApplicationTest does not declare any static, non-private, non-final, nested classes annotated with @Configuration.
2024-11-27 14:39:55 [main] INFO  o.s.b.t.c.SpringBootTestContextBootstrapper - Found @SpringBootConfiguration com.tagdsearch.demo.contract.search.service.ContractSearchServiceApplication for test class com.tagdsearch.demo.contract.search.service.ContractSearchServiceApplicationTest
2024-11-27 14:39:56 [main] INFO  c.t.d.c.s.s.ContractSearchServiceApplicationTest - Starting ContractSearchServiceApplicationTest using Java 17.0.12 with PID 28708 (started by danan in C:\Users\danan\Desktop\tagd-search\contract-search-service)
2024-11-27 14:39:57 [main] INFO  c.t.d.c.s.s.ContractSearchServiceApplicationTest - The following 1 profile is active: "elastic_query"
2024-11-27 14:39:57 [main] INFO  o.s.c.c.c.ConfigServerConfigDataLoader - Fetching config from server at : http://localhost:8888
2024-11-27 14:39:57 [main] INFO  o.s.c.c.c.ConfigServerConfigDataLoader - Located environment: name=config-client, profiles=[default], label=null, version=85d77227f040f99438af4071bae88c2e5b9a42c9, state=null
2024-11-27 14:39:57 [main] INFO  o.s.c.c.c.ConfigServerConfigDataLoader - Fetching config from server at : http://localhost:8888
2024-11-27 14:39:57 [main] INFO  o.s.c.c.c.ConfigServerConfigDataLoader - Located environment: name=config-client, profiles=[elastic_query], label=null, version=85d77227f040f99438af4071bae88c2e5b9a42c9, state=null
2024-11-27 14:39:57 [main] INFO  o.s.d.r.c.RepositoryConfigurationDelegate - Bootstrapping Spring Data Elasticsearch repositories in DEFAULT mode.
2024-11-27 14:39:57 [main] INFO  o.s.d.r.c.RepositoryConfigurationDelegate - Finished Spring Data repository scanning in 20 ms. Found 1 Elasticsearch repository interface.
2024-11-27 14:39:57 [main] INFO  o.s.cloud.context.scope.GenericScope - BeanFactory id=29d27da4-081c-3984-bf55-957bfd701f5f
2024-11-27 14:39:58 [main] WARN  org.elasticsearch.client.RestClient - request [HEAD http://localhost:9200/contract-index] returned 1 warnings: [299 Elasticsearch-7.17.0-bee86328705acaa9a6daede7140defd4d9ec56bd "Elasticsearch built-in security features are not enabled. Without authentication, your cluster could be accessible to anyone. See https://www.elastic.co/guide/en/elasticsearch/reference/7.17/security-minimal-setup.html to enable security."]
2024-11-27 14:39:58 [main] WARN  o.s.security.core.userdetails.User - User.withDefaultPasswordEncoder() is considered unsafe for production and is only intended for sample applications.
2024-11-27 14:39:58 [main] INFO  o.s.s.c.a.a.c.InitializeUserDetailsBeanManagerConfigurer$InitializeUserDetailsManagerConfigurer - Global AuthenticationManager configured with UserDetailsService bean with name userDetailsService
2024-11-27 14:39:58 [main] INFO  c.t.d.c.s.s.ContractSearchServiceApplicationTest - Started ContractSearchServiceApplicationTest in 3.71 seconds (process running for 4.655)
